#-----------------------------------------------------------
# Vivado v2020.1 (64-bit)
# SW Build 2902540 on Wed May 27 19:54:49 MDT 2020
# IP Build 2902112 on Wed May 27 22:43:36 MDT 2020
# Start of session at: Sun Aug  2 22:37:18 2020
# Process ID: 12328
# Current directory: E:/XILINX/savefiles/anti_pinch/MOTOR_SPEED_PWM
# Command line: vivado.exe -gui_launcher_event rodinguilauncherevent19988 E:\XILINX\savefiles\anti_pinch\MOTOR_SPEED_PWM\MOTOR_SPEED_PWM.xpr
# Log file: E:/XILINX/savefiles/anti_pinch/MOTOR_SPEED_PWM/vivado.log
# Journal file: E:/XILINX/savefiles/anti_pinch/MOTOR_SPEED_PWM\vivado.jou
#-----------------------------------------------------------
start_gui
open_project E:/XILINX/savefiles/anti_pinch/MOTOR_SPEED_PWM/MOTOR_SPEED_PWM.xpr
Scanning sources...
Finished scanning sources
INFO: [IP_Flow 19-234] Refreshing IP repositories
INFO: [IP_Flow 19-1700] Loaded user IP repository 'e:/XILINX/Experiment-of-SEA/IP_Core/Frequency-Divider-IP'.
INFO: [IP_Flow 19-2313] Loaded Vivado IP repository 'E:/XILINX/Vivado/2020.1/data/ip'.
open_project: Time (s): cpu = 00:00:14 ; elapsed = 00:00:07 . Memory (MB): peak = 1035.883 ; gain = 0.000
update_compile_order -fileset sources_1
launch_runs synth_1 -jobs 4
[Sun Aug  2 22:38:09 2020] Launched synth_1...
Run output will be captured here: E:/XILINX/savefiles/anti_pinch/MOTOR_SPEED_PWM/MOTOR_SPEED_PWM.runs/synth_1/runme.log
launch_runs impl_1 -jobs 4
[Sun Aug  2 22:38:57 2020] Launched impl_1...
Run output will be captured here: E:/XILINX/savefiles/anti_pinch/MOTOR_SPEED_PWM/MOTOR_SPEED_PWM.runs/impl_1/runme.log
launch_runs impl_1 -to_step write_bitstream -jobs 4
[Sun Aug  2 22:40:31 2020] Launched impl_1...
Run output will be captured here: E:/XILINX/savefiles/anti_pinch/MOTOR_SPEED_PWM/MOTOR_SPEED_PWM.runs/impl_1/runme.log
exit
INFO: [Common 17-206] Exiting Vivado at Sun Aug  2 22:42:01 2020...
