
*** Running vivado
    with args -log MOTOR_SPEED_PWM.vds -m64 -product Vivado -mode batch -messageDb vivado.pb -notrace -source MOTOR_SPEED_PWM.tcl



****** Vivado v2020.1 (64-bit)
  **** SW Build 2902540 on Wed May 27 19:54:49 MDT 2020
  **** IP Build 2902112 on Wed May 27 22:43:36 MDT 2020
    ** Copyright 1986-2020 Xilinx, Inc. All Rights Reserved.

source MOTOR_SPEED_PWM.tcl -notrace
INFO: [IP_Flow 19-234] Refreshing IP repositories
INFO: [IP_Flow 19-1700] Loaded user IP repository 'e:/XILINX/Experiment-of-SEA/IP_Core/Frequency-Divider-IP'.
INFO: [IP_Flow 19-2313] Loaded Vivado IP repository 'E:/XILINX/Vivado/2020.1/data/ip'.
Command: synth_design -top MOTOR_SPEED_PWM -part xc7s15ftgb196-1
Starting synth_design
Attempting to get a license for feature 'Synthesis' and/or device 'xc7s15'
INFO: [Common 17-349] Got license for feature 'Synthesis' and/or device 'xc7s15'
INFO: [Device 21-403] Loading part xc7s15ftgb196-1
INFO: [Synth 8-7079] Multithreading enabled for synth_design using a maximum of 2 processes.
INFO: [Synth 8-7078] Launching helper process for spawning children vivado processes
INFO: [Synth 8-7075] Helper process launched with PID 18528
---------------------------------------------------------------------------------
Starting RTL Elaboration : Time (s): cpu = 00:00:04 ; elapsed = 00:00:04 . Memory (MB): peak = 1033.195 ; gain = 0.000
---------------------------------------------------------------------------------
INFO: [Synth 8-6157] synthesizing module 'MOTOR_SPEED_PWM' [E:/XILINX/savefiles/anti_pinch/MOTOR_SPEED_PWM/MOTOR_SPEED_PWM.srcs/sources_1/new/MOTOR_SPEED_PWM.v:23]
INFO: [Synth 8-6157] synthesizing module 'Clk_Division_0' [E:/XILINX/savefiles/anti_pinch/MOTOR_SPEED_PWM/MOTOR_SPEED_PWM.runs/synth_1/.Xil/Vivado-5456-DESKTOP-K1HP0BF/realtime/Clk_Division_0_stub.v:6]
INFO: [Synth 8-6155] done synthesizing module 'Clk_Division_0' (1#1) [E:/XILINX/savefiles/anti_pinch/MOTOR_SPEED_PWM/MOTOR_SPEED_PWM.runs/synth_1/.Xil/Vivado-5456-DESKTOP-K1HP0BF/realtime/Clk_Division_0_stub.v:6]
INFO: [Synth 8-6157] synthesizing module 'PWM' [E:/XILINX/savefiles/anti_pinch/MOTOR_SPEED_PWM/MOTOR_SPEED_PWM.srcs/sources_1/new/PWM.v:23]
	Parameter mode0 bound to: 3'b000 
	Parameter mode1 bound to: 3'b001 
	Parameter mode2 bound to: 3'b010 
	Parameter mode3 bound to: 3'b011 
	Parameter mode4 bound to: 3'b100 
	Parameter mode5 bound to: 3'b101 
	Parameter T_INM bound to: 10000 - type: integer 
	Parameter STOP bound to: 0 - type: integer 
	Parameter T_UP_min bound to: 500 - type: integer 
	Parameter T_UP_less bound to: 1000 - type: integer 
	Parameter T_UP_middle bound to: 2500 - type: integer 
	Parameter T_UP_large bound to: 5000 - type: integer 
	Parameter T_UP_max bound to: 10000 - type: integer 
INFO: [Synth 8-6155] done synthesizing module 'PWM' (2#1) [E:/XILINX/savefiles/anti_pinch/MOTOR_SPEED_PWM/MOTOR_SPEED_PWM.srcs/sources_1/new/PWM.v:23]
INFO: [Synth 8-6157] synthesizing module 'removejoggle' [E:/XILINX/savefiles/anti_pinch/MOTOR_SPEED_PWM/MOTOR_SPEED_PWM.srcs/sources_1/new/removejoggle.v:24]
	Parameter T10ms bound to: 1000000 - type: integer 
	Parameter s0 bound to: 2'b00 
	Parameter s1 bound to: 2'b01 
	Parameter s2 bound to: 2'b10 
	Parameter s3 bound to: 2'b11 
INFO: [Synth 8-226] default block is never used [E:/XILINX/savefiles/anti_pinch/MOTOR_SPEED_PWM/MOTOR_SPEED_PWM.srcs/sources_1/new/removejoggle.v:55]
INFO: [Synth 8-6155] done synthesizing module 'removejoggle' (3#1) [E:/XILINX/savefiles/anti_pinch/MOTOR_SPEED_PWM/MOTOR_SPEED_PWM.srcs/sources_1/new/removejoggle.v:24]
INFO: [Synth 8-6155] done synthesizing module 'MOTOR_SPEED_PWM' (4#1) [E:/XILINX/savefiles/anti_pinch/MOTOR_SPEED_PWM/MOTOR_SPEED_PWM.srcs/sources_1/new/MOTOR_SPEED_PWM.v:23]
---------------------------------------------------------------------------------
Finished RTL Elaboration : Time (s): cpu = 00:00:05 ; elapsed = 00:00:05 . Memory (MB): peak = 1033.195 ; gain = 0.000
---------------------------------------------------------------------------------
---------------------------------------------------------------------------------
Start Handling Custom Attributes
---------------------------------------------------------------------------------
---------------------------------------------------------------------------------
Finished Handling Custom Attributes : Time (s): cpu = 00:00:05 ; elapsed = 00:00:06 . Memory (MB): peak = 1033.195 ; gain = 0.000
---------------------------------------------------------------------------------
---------------------------------------------------------------------------------
Finished RTL Optimization Phase 1 : Time (s): cpu = 00:00:05 ; elapsed = 00:00:06 . Memory (MB): peak = 1033.195 ; gain = 0.000
---------------------------------------------------------------------------------
Netlist sorting complete. Time (s): cpu = 00:00:00 ; elapsed = 00:00:00.003 . Memory (MB): peak = 1033.195 ; gain = 0.000
INFO: [Project 1-570] Preparing netlist for logic optimization

Processing XDC Constraints
Initializing timing engine
Parsing XDC File [e:/XILINX/savefiles/anti_pinch/MOTOR_SPEED_PWM/MOTOR_SPEED_PWM.srcs/sources_1/ip/Clk_Division_0/Clk_Division_0/Clk_Division_0_in_context.xdc] for cell 'u_Clk_Division_0'
Finished Parsing XDC File [e:/XILINX/savefiles/anti_pinch/MOTOR_SPEED_PWM/MOTOR_SPEED_PWM.srcs/sources_1/ip/Clk_Division_0/Clk_Division_0/Clk_Division_0_in_context.xdc] for cell 'u_Clk_Division_0'
Parsing XDC File [E:/XILINX/savefiles/anti_pinch/MOTOR_SPEED_PWM/MOTOR_SPEED_PWM.srcs/constrs_1/new/system.xdc]
Finished Parsing XDC File [E:/XILINX/savefiles/anti_pinch/MOTOR_SPEED_PWM/MOTOR_SPEED_PWM.srcs/constrs_1/new/system.xdc]
INFO: [Project 1-236] Implementation specific constraints were found while reading constraint file [E:/XILINX/savefiles/anti_pinch/MOTOR_SPEED_PWM/MOTOR_SPEED_PWM.srcs/constrs_1/new/system.xdc]. These constraints will be ignored for synthesis but will be used in implementation. Impacted constraints are listed in the file [.Xil/MOTOR_SPEED_PWM_propImpl.xdc].
Resolution: To avoid this warning, move constraints listed in [.Xil/MOTOR_SPEED_PWM_propImpl.xdc] to another XDC file and exclude this new file from synthesis with the used_in_synthesis property (File Properties dialog in GUI) and re-run elaboration/synthesis.
Completed Processing XDC Constraints

Netlist sorting complete. Time (s): cpu = 00:00:00 ; elapsed = 00:00:00 . Memory (MB): peak = 1115.461 ; gain = 0.000
INFO: [Project 1-111] Unisim Transformation Summary:
No Unisim elements were transformed.

Constraint Validation Runtime : Time (s): cpu = 00:00:00 ; elapsed = 00:00:00.035 . Memory (MB): peak = 1115.461 ; gain = 0.000
---------------------------------------------------------------------------------
Finished Constraint Validation : Time (s): cpu = 00:00:11 ; elapsed = 00:00:13 . Memory (MB): peak = 1115.461 ; gain = 82.266
---------------------------------------------------------------------------------
---------------------------------------------------------------------------------
Start Loading Part and Timing Information
---------------------------------------------------------------------------------
Loading part: xc7s15ftgb196-1
---------------------------------------------------------------------------------
Finished Loading Part and Timing Information : Time (s): cpu = 00:00:11 ; elapsed = 00:00:13 . Memory (MB): peak = 1115.461 ; gain = 82.266
---------------------------------------------------------------------------------
---------------------------------------------------------------------------------
Start Applying 'set_property' XDC Constraints
---------------------------------------------------------------------------------
Applied set_property DONT_TOUCH = true for u_Clk_Division_0. (constraint file  auto generated constraint, line ).
---------------------------------------------------------------------------------
Finished applying 'set_property' XDC Constraints : Time (s): cpu = 00:00:11 ; elapsed = 00:00:13 . Memory (MB): peak = 1115.461 ; gain = 82.266
---------------------------------------------------------------------------------
---------------------------------------------------------------------------------
Finished RTL Optimization Phase 2 : Time (s): cpu = 00:00:11 ; elapsed = 00:00:13 . Memory (MB): peak = 1115.461 ; gain = 82.266
---------------------------------------------------------------------------------
---------------------------------------------------------------------------------
Start RTL Component Statistics 
---------------------------------------------------------------------------------
Detailed RTL Component Info : 
+---Adders : 
	   2 Input   32 Bit       Adders := 1     
	   2 Input   20 Bit       Adders := 1     
	   2 Input    3 Bit       Adders := 1     
+---Registers : 
	               21 Bit    Registers := 2     
	                3 Bit    Registers := 1     
	                2 Bit    Registers := 2     
	                1 Bit    Registers := 2     
+---Muxes : 
	   2 Input   32 Bit        Muxes := 1     
	   2 Input   20 Bit        Muxes := 1     
	   7 Input   14 Bit        Muxes := 1     
	   2 Input    3 Bit        Muxes := 1     
	   5 Input    2 Bit        Muxes := 1     
	   2 Input    1 Bit        Muxes := 2     
	   4 Input    1 Bit        Muxes := 3     
---------------------------------------------------------------------------------
Finished RTL Component Statistics 
---------------------------------------------------------------------------------
---------------------------------------------------------------------------------
Start Part Resource Summary
---------------------------------------------------------------------------------
Part Resources:
DSPs: 20 (col length:20)
BRAMs: 20 (col length: RAMB18 20 RAMB36 10)
---------------------------------------------------------------------------------
Finished Part Resource Summary
---------------------------------------------------------------------------------
---------------------------------------------------------------------------------
Start Cross Boundary and Area Optimization
---------------------------------------------------------------------------------
---------------------------------------------------------------------------------
Finished Cross Boundary and Area Optimization : Time (s): cpu = 00:00:13 ; elapsed = 00:00:15 . Memory (MB): peak = 1115.461 ; gain = 82.266
---------------------------------------------------------------------------------
---------------------------------------------------------------------------------
Start Applying XDC Timing Constraints
---------------------------------------------------------------------------------
---------------------------------------------------------------------------------
Finished Applying XDC Timing Constraints : Time (s): cpu = 00:00:19 ; elapsed = 00:00:22 . Memory (MB): peak = 1115.461 ; gain = 82.266
---------------------------------------------------------------------------------
---------------------------------------------------------------------------------
Start Timing Optimization
---------------------------------------------------------------------------------
---------------------------------------------------------------------------------
Finished Timing Optimization : Time (s): cpu = 00:00:19 ; elapsed = 00:00:22 . Memory (MB): peak = 1115.461 ; gain = 82.266
---------------------------------------------------------------------------------
---------------------------------------------------------------------------------
Start Technology Mapping
---------------------------------------------------------------------------------
---------------------------------------------------------------------------------
Finished Technology Mapping : Time (s): cpu = 00:00:19 ; elapsed = 00:00:22 . Memory (MB): peak = 1137.484 ; gain = 104.289
---------------------------------------------------------------------------------
---------------------------------------------------------------------------------
Start IO Insertion
---------------------------------------------------------------------------------
---------------------------------------------------------------------------------
Start Flattening Before IO Insertion
---------------------------------------------------------------------------------
---------------------------------------------------------------------------------
Finished Flattening Before IO Insertion
---------------------------------------------------------------------------------
---------------------------------------------------------------------------------
Start Final Netlist Cleanup
---------------------------------------------------------------------------------
---------------------------------------------------------------------------------
Finished Final Netlist Cleanup
---------------------------------------------------------------------------------
---------------------------------------------------------------------------------
Finished IO Insertion : Time (s): cpu = 00:00:23 ; elapsed = 00:00:26 . Memory (MB): peak = 1137.484 ; gain = 104.289
---------------------------------------------------------------------------------
---------------------------------------------------------------------------------
Start Renaming Generated Instances
---------------------------------------------------------------------------------
---------------------------------------------------------------------------------
Finished Renaming Generated Instances : Time (s): cpu = 00:00:23 ; elapsed = 00:00:26 . Memory (MB): peak = 1137.484 ; gain = 104.289
---------------------------------------------------------------------------------
---------------------------------------------------------------------------------
Start Rebuilding User Hierarchy
---------------------------------------------------------------------------------
---------------------------------------------------------------------------------
Finished Rebuilding User Hierarchy : Time (s): cpu = 00:00:23 ; elapsed = 00:00:26 . Memory (MB): peak = 1137.484 ; gain = 104.289
---------------------------------------------------------------------------------
---------------------------------------------------------------------------------
Start Renaming Generated Ports
---------------------------------------------------------------------------------
---------------------------------------------------------------------------------
Finished Renaming Generated Ports : Time (s): cpu = 00:00:23 ; elapsed = 00:00:26 . Memory (MB): peak = 1137.484 ; gain = 104.289
---------------------------------------------------------------------------------
---------------------------------------------------------------------------------
Start Handling Custom Attributes
---------------------------------------------------------------------------------
---------------------------------------------------------------------------------
Finished Handling Custom Attributes : Time (s): cpu = 00:00:23 ; elapsed = 00:00:26 . Memory (MB): peak = 1137.484 ; gain = 104.289
---------------------------------------------------------------------------------
---------------------------------------------------------------------------------
Start Renaming Generated Nets
---------------------------------------------------------------------------------
---------------------------------------------------------------------------------
Finished Renaming Generated Nets : Time (s): cpu = 00:00:23 ; elapsed = 00:00:26 . Memory (MB): peak = 1137.484 ; gain = 104.289
---------------------------------------------------------------------------------
---------------------------------------------------------------------------------
Start Writing Synthesis Report
---------------------------------------------------------------------------------

Report BlackBoxes: 
+------+---------------+----------+
|      |BlackBox name  |Instances |
+------+---------------+----------+
|1     |Clk_Division_0 |         1|
+------+---------------+----------+

Report Cell Usage: 
+------+-------------+------+
|      |Cell         |Count |
+------+-------------+------+
|1     |Clk_Division |     1|
|2     |CARRY4       |    29|
|3     |LUT1         |     3|
|4     |LUT2         |    29|
|5     |LUT3         |    14|
|6     |LUT4         |    49|
|7     |LUT5         |     3|
|8     |LUT6         |     1|
|9     |FDCE         |    48|
|10    |FDRE         |    24|
|11    |IBUF         |     3|
|12    |OBUF         |     1|
+------+-------------+------+
---------------------------------------------------------------------------------
Finished Writing Synthesis Report : Time (s): cpu = 00:00:23 ; elapsed = 00:00:26 . Memory (MB): peak = 1137.484 ; gain = 104.289
---------------------------------------------------------------------------------
Synthesis finished with 0 errors, 0 critical warnings and 0 warnings.
Synthesis Optimization Runtime : Time (s): cpu = 00:00:16 ; elapsed = 00:00:22 . Memory (MB): peak = 1137.484 ; gain = 22.023
Synthesis Optimization Complete : Time (s): cpu = 00:00:23 ; elapsed = 00:00:26 . Memory (MB): peak = 1137.484 ; gain = 104.289
INFO: [Project 1-571] Translating synthesized netlist
Netlist sorting complete. Time (s): cpu = 00:00:00 ; elapsed = 00:00:00.003 . Memory (MB): peak = 1145.828 ; gain = 0.000
INFO: [Netlist 29-17] Analyzing 29 Unisim elements for replacement
INFO: [Netlist 29-28] Unisim Transformation completed in 0 CPU seconds
INFO: [Project 1-570] Preparing netlist for logic optimization
INFO: [Opt 31-138] Pushed 0 inverter(s) to 0 load pin(s).
Netlist sorting complete. Time (s): cpu = 00:00:00 ; elapsed = 00:00:00 . Memory (MB): peak = 1149.160 ; gain = 0.000
INFO: [Project 1-111] Unisim Transformation Summary:
No Unisim elements were transformed.

INFO: [Common 17-83] Releasing license: Synthesis
27 Infos, 0 Warnings, 0 Critical Warnings and 0 Errors encountered.
synth_design completed successfully
synth_design: Time (s): cpu = 00:00:28 ; elapsed = 00:00:32 . Memory (MB): peak = 1149.160 ; gain = 115.965
INFO: [Common 17-1381] The checkpoint 'E:/XILINX/savefiles/anti_pinch/MOTOR_SPEED_PWM/MOTOR_SPEED_PWM.runs/synth_1/MOTOR_SPEED_PWM.dcp' has been generated.
INFO: [runtcl-4] Executing : report_utilization -file MOTOR_SPEED_PWM_utilization_synth.rpt -pb MOTOR_SPEED_PWM_utilization_synth.pb
INFO: [Common 17-206] Exiting Vivado at Sun Aug  2 22:38:49 2020...
